{
  "RSpec": {
    "coverage": {
      "/home/righton/maimit/sites/blog_TDD/app/models/post.rb": [
        1,
        1,
        1,
        1,
        1,
        1,
        1,
        null,
        1,
        0,
        null,
        null,
        1,
        0,
        null,
        null
      ],
      "/home/righton/maimit/sites/blog_TDD/app/models/concerns/sluggable.rb": [
        null,
        1,
        1,
        null,
        1,
        1,
        1,
        null,
        null,
        1,
        8,
        8,
        null,
        null,
        1,
        4,
        null,
        null,
        1,
        null,
        1,
        8,
        null,
        null
      ],
      "/home/righton/maimit/sites/blog_TDD/app/controllers/posts_controller.rb": [
        1,
        1,
        1,
        null,
        1,
        null,
        null,
        1,
        1,
        null,
        null,
        1,
        1,
        1,
        1,
        2,
        1,
        null,
        0,
        0,
        null,
        null,
        null,
        null,
        1,
        null,
        null,
        1,
        1,
        1,
        2,
        1,
        null,
        0,
        0,
        null,
        null,
        null,
        null,
        1,
        1,
        1,
        null,
        0,
        null,
        null,
        null,
        1,
        null,
        1,
        6,
        null,
        null,
        1,
        2,
        null,
        null
      ],
      "/home/righton/maimit/sites/blog_TDD/app/models/user.rb": [
        0,
        null,
        null,
        0,
        0,
        0
      ],
      "/home/righton/maimit/sites/blog_TDD/app/controllers/home_controller.rb": [
        0,
        0,
        0,
        0,
        0,
        0
      ]
    },
    "timestamp": 1548118908
  }
}
