{
  "RSpec": {
    "coverage": {
      "/mnt/c/sites/blog/app/models/post.rb": [
        1,
        1,
        1,
        1,
        1,
        1,
        1,
        null,
        1,
        0,
        null,
        null,
        1,
        0,
        null,
        null
      ],
      "/mnt/c/sites/blog/app/models/concerns/sluggable.rb": [
        null,
        1,
        1,
        null,
        1,
        1,
        1,
        null,
        null,
        1,
        1,
        1,
        null,
        null,
        1,
        0,
        null,
        null,
        1,
        null,
        1,
        1,
        null,
        null
      ],
      "/mnt/c/sites/blog/app/controllers/posts_controller.rb": [
        1,
        1,
        1,
        null,
        1,
        null,
        null,
        1,
        null,
        null,
        1,
        null,
        null,
        1,
        null,
        1,
        1,
        null,
        null,
        1,
        0,
        null,
        null
      ],
      "/mnt/c/sites/blog/app/models/user.rb": [
        0,
        null,
        null,
        0,
        0,
        0
      ]
    },
    "timestamp": 1547032648
  }
}
